<?xml version="1.0" encoding="UTF-8"?>
<!-- Generated by org.testng.reporters.JUnitReportReporter -->
<testsuite hostname="DESKTOP-ILLARFO" failures="0" tests="3" name="createonfly.body" time="88.832" errors="0" timestamp="2025-03-28T16:48:10 IST" skipped="0">
  <testcase classname="createonfly.body" name="addvariable" time="24.323"/>
  <system-out>
    <![CDATA[Test Passed]]>
  </system-out>
  <testcase classname="createonfly.body" name="selectdatapoint" time="21.904"/>
  <system-out>
    <![CDATA[Test Passed]]>
  </system-out>
  <testcase classname="createonfly.body" name="selectdatapointandfallbackvalue" time="42.605"/>
  <system-out>
    <![CDATA[Test Passed]]>
  </system-out>
</testsuite> <!-- createonfly.body -->
