<?xml version="1.0" encoding="UTF-8"?>
<!-- Generated by org.testng.reporters.JUnitReportReporter -->
<testsuite hostname="DESKTOP-ILLARFO" failures="0" tests="3" name="createonfly.body" time="104.306" errors="0" timestamp="2025-06-03T15:51:27 IST" skipped="0">
  <testcase classname="createonfly.body" name="addvariable" time="28.254"/>
  <system-out>
    <![CDATA[Test Passed]]>
  </system-out>
  <testcase classname="createonfly.body" name="selectdatapoint" time="25.516"/>
  <system-out>
    <![CDATA[Test Passed]]>
  </system-out>
  <testcase classname="createonfly.body" name="selectdatapointandfallbackvalue" time="50.536"/>
  <system-out>
    <![CDATA[Test Failed]]>
  </system-out>
</testsuite> <!-- createonfly.body -->
