<?xml version="1.0" encoding="UTF-8"?>
<!-- Generated by org.testng.reporters.JUnitReportReporter -->
<testsuite hostname="DESKTOP-ILLARFO" failures="0" tests="1" name="Whatsapp.Useexistingclienttags" time="35.461" errors="0" timestamp="2025-03-20T13:53:01 IST" skipped="0">
  <testcase classname="Whatsapp.Useexistingclienttags" name="Useexistingclienttags" time="35.461"/>
  <system-out>
    <![CDATA[Test Failed]]>
  </system-out>
</testsuite> <!-- Whatsapp.Useexistingclienttags -->
