<?xml version="1.0" encoding="UTF-8"?>
<!-- Generated by org.testng.reporters.JUnitReportReporter -->
<testsuite hostname="DESKTOP-ILLARFO" failures="0" tests="2" name="createonfly1.copy.Useexistingclienttags" time="287.005" errors="0" timestamp="2025-03-21T18:11:19 IST" skipped="0">
  <testcase classname="createonfly1.copy.Useexistingclienttags" name="Useexistingclienttags1" time="100.829"/>
  <system-out>
    <![CDATA[Test Case Passed
Test Case Passed]]>
  </system-out>
  <testcase classname="createonfly1.copy.Useexistingclienttags" name="Useexistingclienttags3" time="186.176"/>
  <system-out>
    <![CDATA[Test Case Passed
Test Case Passed]]>
  </system-out>
</testsuite> <!-- createonfly1.copy.Useexistingclienttags -->
