<?xml version="1.0" encoding="UTF-8"?>
<!-- Generated by org.testng.reporters.JUnitReportReporter -->
<testsuite hostname="DESKTOP-ILLARFO" failures="0" tests="1" name="createonfly1.copy.Useexistingclienttags" time="108.813" errors="0" timestamp="2025-04-19T17:07:08 IST" skipped="0">
  <testcase classname="createonfly1.copy.Useexistingclienttags" name="Useexistingclienttags3" time="108.813"/>
  <system-out>
    <![CDATA[Test Failed]]>
  </system-out>
</testsuite> <!-- createonfly1.copy.Useexistingclienttags -->
