<?xml version="1.0" encoding="UTF-8"?>
<!-- Generated by org.testng.reporters.JUnitReportReporter -->
<testsuite hostname="DESKTOP-ILLARFO" failures="0" tests="1" name="Staging3.Documents" time="45.017" errors="0" timestamp="2025-02-15T12:17:39 IST" skipped="0">
  <testcase classname="Staging3.Documents" name="Documents" time="45.017"/>
  <system-out/>
</testsuite> <!-- Staging3.Documents -->
