<?xml version="1.0" encoding="UTF-8"?>
<!-- Generated by org.testng.reporters.JUnitReportReporter -->
<testsuite hostname="DESKTOP-ILLARFO" failures="0" tests="1" name="Staging3.Dashboard" time="39.561" errors="0" timestamp="2025-02-17T17:49:52 IST" skipped="0">
  <testcase classname="Staging3.Dashboard" name="testScroll" time="39.561"/>
  <system-out/>
</testsuite> <!-- Staging3.Dashboard -->
