<?xml version="1.0" encoding="UTF-8"?>
<!-- Generated by org.testng.reporters.JUnitReportReporter -->
<testsuite hostname="DESKTOP-ILLARFO" failures="0" tests="6" name="Whatsapp.header" time="152.772" errors="0" timestamp="2025-03-24T12:02:08 IST" skipped="0">
  <testcase classname="Whatsapp.header" name="wheaderisselectedasnone" time="34.370"/>
  <system-out>
    <![CDATA[Test Passed]]>
  </system-out>
  <testcase classname="Whatsapp.header" name="wtextWithoutenteringanytext" time="14.107"/>
  <system-out>
    <![CDATA[Test Passed]]>
  </system-out>
  <testcase classname="Whatsapp.header" name="wtestWithFallbackValue" time="32.554"/>
  <system-out>
    <![CDATA[Test Passed]]>
  </system-out>
  <testcase classname="Whatsapp.header" name="wHeaderTextandAddVariable" time="15.918"/>
  <system-out>
    <![CDATA[Test Passed]]>
  </system-out>
  <testcase classname="Whatsapp.header" name="wHeaderTextandAddVariablewithselectdapoint" time="19.314"/>
  <system-out>
    <![CDATA[Test Passed]]>
  </system-out>
  <testcase classname="Whatsapp.header" name="wHeaderTextandAddVariablewithselectdapointandfallbackvalue" time="36.509"/>
  <system-out>
    <![CDATA[Test Passed]]>
  </system-out>
</testsuite> <!-- Whatsapp.header -->
