<?xml version="1.0" encoding="UTF-8"?>
<!-- Generated by org.testng.reporters.JUnitReportReporter -->
<testsuite hostname="DESKTOP-ILLARFO" failures="0" tests="1" name="Swiftchat.Create_contact" time="8.942" errors="0" timestamp="2025-03-04T11:54:11 IST" skipped="0">
  <testcase classname="Swiftchat.Create_contact" name="Contact" time="8.942"/>
  <system-out/>
</testsuite> <!-- Swiftchat.Create_contact -->
