<?xml version="1.0" encoding="UTF-8"?>
<!-- Generated by org.testng.reporters.JUnitReportReporter -->
<testsuite hostname="DESKTOP-ILLARFO" failures="0" tests="1" name="createonfly.header" time="45.005" errors="0" timestamp="2025-03-28T17:14:20 IST" skipped="0">
  <testcase classname="createonfly.header" name="HeaderTextandAddVariable" time="45.005"/>
  <system-out>
    <![CDATA[Test Failed]]>
  </system-out>
</testsuite> <!-- createonfly.header -->
