<?xml version="1.0" encoding="UTF-8"?>
<!-- Generated by org.testng.reporters.JUnitReportReporter -->
<testsuite hostname="DESKTOP-ILLARFO" failures="0" tests="1" name="createonfly1.copy.Useexistingclienttags" time="102.815" errors="0" timestamp="2025-05-29T16:43:43 IST" skipped="0">
  <testcase classname="createonfly1.copy.Useexistingclienttags" name="Useexistingclienttags4" time="102.815"/>
  <system-out>
    <![CDATA[Test Failed]]>
  </system-out>
</testsuite> <!-- createonfly1.copy.Useexistingclienttags -->
