<?xml version="1.0" encoding="UTF-8"?>
<!-- Generated by org.testng.reporters.JUnitReportReporter -->
<testsuite hostname="DESKTOP-ILLARFO" failures="0" tests="1" name="createonfly1.copy.Useexistingclienttags" time="84.575" errors="0" timestamp="2025-04-09T17:38:53 IST" skipped="0">
  <testcase classname="createonfly1.copy.Useexistingclienttags" name="Useexistingclienttags1" time="84.575"/>
  <system-out>
    <![CDATA[Test Failed]]>
  </system-out>
</testsuite> <!-- createonfly1.copy.Useexistingclienttags -->
