<?xml version="1.0" encoding="UTF-8"?>
<!-- Generated by org.testng.reporters.JUnitReportReporter -->
<testsuite hostname="DESKTOP-ILLARFO" failures="0" tests="1" name="Staging3.Report1" time="18.123" errors="0" timestamp="2025-02-19T16:57:06 IST" skipped="0">
  <testcase classname="Staging3.Report1" name="match" time="18.123"/>
  <system-out/>
</testsuite> <!-- Staging3.Report1 -->
