<?xml version="1.0" encoding="UTF-8"?>
<!-- Generated by org.testng.reporters.JUnitReportReporter -->
<testsuite hostname="DESKTOP-ILLARFO" failures="0" tests="3" name="createonfly.body" time="91.592" errors="0" timestamp="2025-04-15T11:32:35 IST" skipped="0">
  <testcase classname="createonfly.body" name="addvariable" time="26.796"/>
  <system-out>
    <![CDATA[Test Passed]]>
  </system-out>
  <testcase classname="createonfly.body" name="selectdatapoint" time="22.531"/>
  <system-out>
    <![CDATA[Test Passed]]>
  </system-out>
  <testcase classname="createonfly.body" name="selectdatapointandfallbackvalue" time="42.265"/>
  <system-out>
    <![CDATA[Test Failed]]>
  </system-out>
</testsuite> <!-- createonfly.body -->
