<?xml version="1.0" encoding="UTF-8"?>
<!-- Generated by org.testng.reporters.JUnitReportReporter -->
<testsuite hostname="DESKTOP-ILLARFO" failures="0" tests="1" name="Staging3.whatsapp_template" time="23.576" errors="0" timestamp="2025-02-25T11:14:32 IST" skipped="0">
  <testcase classname="Staging3.whatsapp_template" name="Template" time="23.576"/>
  <system-out/>
</testsuite> <!-- Staging3.whatsapp_template -->
