<?xml version="1.0" encoding="UTF-8"?>
<!-- Generated by org.testng.reporters.JUnitReportReporter -->
<testsuite hostname="DESKTOP-ILLARFO" failures="0" tests="4" name="createonfly.header" time="143.703" errors="0" timestamp="2025-04-15T11:08:54 IST" skipped="0">
  <testcase classname="createonfly.header" name="headerisselectedasnone" time="42.512"/>
  <system-out>
    <![CDATA[Test Failed]]>
  </system-out>
  <testcase classname="createonfly.header" name="textWithoutenteringanytext" time="20.365"/>
  <system-out>
    <![CDATA[Test Passed]]>
  </system-out>
  <testcase classname="createonfly.header" name="testWithFallbackValue" time="35.840"/>
  <system-out>
    <![CDATA[Test Failed]]>
  </system-out>
  <testcase classname="createonfly.header" name="HeaderTextandAddVariablewithselectdapointandfallbackvalue" time="44.986"/>
  <system-out>
    <![CDATA[Test Failed]]>
  </system-out>
</testsuite> <!-- createonfly.header -->
