<?xml version="1.0" encoding="UTF-8"?>
<!-- Generated by org.testng.reporters.JUnitReportReporter -->
<testsuite hostname="DESKTOP-ILLARFO" failures="0" tests="1" name="Whatsapp1.copy.Useexistingclienttags" time="26.994" errors="1" timestamp="2025-05-29T12:40:56 IST" skipped="0">
  <testcase classname="Whatsapp1.copy.Useexistingclienttags" name="Useexistingclienttags4" time="26.994">
    <error message="element click intercepted: Element &lt;mat-select _ngcontent-asc-c997=&quot;&quot; role=&quot;combobox&quot; aria-autocomplete=&quot;none&quot; aria-haspopup=&quot;true&quot; formcontrolname=&quot;manualTime&quot; class=&quot;mat-select form-control ng-tns-c195-49 ng-tns-c153-48 mat-select-required ng-untouched ng-pristine ng-valid ng-star-inserted&quot; aria-labelledby=&quot;mat-select-value-3&quot; id=&quot;mat-select-2&quot; tabindex=&quot;0&quot; aria-expanded=&quot;false&quot; aria-required=&quot;true&quot; aria-disabled=&quot;false&quot; aria-invalid=&quot;false&quot;&gt;...&lt;/mat-select&gt; is not clickable at point (545, 503). Other element would receive the click: &lt;div class=&quot;cdk-overlay-backdrop mat-overlay-transparent-backdrop mat-datepicker-0-backdrop cdk-overlay-backdrop-showing&quot;&gt;&lt;/div&gt;
  (Session info: chrome=136.0.7103.114)
Build info: version: &#039;4.21.0&#039;, revision: &#039;79ed462ef4&#039;
System info: os.name: &#039;Windows 11&#039;, os.arch: &#039;amd64&#039;, os.version: &#039;10.0&#039;, java.version: &#039;17.0.12&#039;
Driver info: org.openqa.selenium.chrome.ChromeDriver
Command: [5ff040d7c07451a2a40dfd1461e9d745, clickElement {id=f.2FB9F1C2CB75D91FFD66F8F829111CCA.d.5C30087E44E18C01B0ADE5E19F08F6C6.e.271}]
Capabilities {acceptInsecureCerts: false, browserName: chrome, browserVersion: 136.0.7103.114, chrome: {chromedriverVersion: 136.0.7103.113 (76fa3c17824..., userDataDir: C:\Users\HP\AppData\Local\T...}, fedcm:accounts: true, goog:chromeOptions: {debuggerAddress: localhost:51113}, networkConnectionEnabled: false, pageLoadStrategy: normal, platformName: windows, proxy: Proxy(), se:cdp: ws://localhost:51113/devtoo..., se:cdpVersion: 136.0.7103.114, setWindowRect: true, strictFileInteractability: false, timeouts: {implicit: 0, pageLoad: 300000, script: 30000}, unhandledPromptBehavior: dismiss and notify, webauthn:extension:credBlob: true, webauthn:extension:largeBlob: true, webauthn:extension:minPinLength: true, webauthn:extension:prf: true, webauthn:virtualAuthenticators: true}
Element: [[ChromeDriver: chrome on windows (5ff040d7c07451a2a40dfd1461e9d745)] -&gt; xpath: //mat-select[@formcontrolname=&#039;manualTime&#039;]]
Session ID: 5ff040d7c07451a2a40dfd1461e9d745" type="org.openqa.selenium.ElementClickInterceptedException">
      <![CDATA[org.openqa.selenium.ElementClickInterceptedException: element click intercepted: Element <mat-select _ngcontent-asc-c997="" role="combobox" aria-autocomplete="none" aria-haspopup="true" formcontrolname="manualTime" class="mat-select form-control ng-tns-c195-49 ng-tns-c153-48 mat-select-required ng-untouched ng-pristine ng-valid ng-star-inserted" aria-labelledby="mat-select-value-3" id="mat-select-2" tabindex="0" aria-expanded="false" aria-required="true" aria-disabled="false" aria-invalid="false">...</mat-select> is not clickable at point (545, 503). Other element would receive the click: <div class="cdk-overlay-backdrop mat-overlay-transparent-backdrop mat-datepicker-0-backdrop cdk-overlay-backdrop-showing"></div>
  (Session info: chrome=136.0.7103.114)
Build info: version: '4.21.0', revision: '79ed462ef4'
System info: os.name: 'Windows 11', os.arch: 'amd64', os.version: '10.0', java.version: '17.0.12'
Driver info: org.openqa.selenium.chrome.ChromeDriver
Command: [5ff040d7c07451a2a40dfd1461e9d745, clickElement {id=f.2FB9F1C2CB75D91FFD66F8F829111CCA.d.5C30087E44E18C01B0ADE5E19F08F6C6.e.271}]
Capabilities {acceptInsecureCerts: false, browserName: chrome, browserVersion: 136.0.7103.114, chrome: {chromedriverVersion: 136.0.7103.113 (76fa3c17824..., userDataDir: C:\Users\HP\AppData\Local\T...}, fedcm:accounts: true, goog:chromeOptions: {debuggerAddress: localhost:51113}, networkConnectionEnabled: false, pageLoadStrategy: normal, platformName: windows, proxy: Proxy(), se:cdp: ws://localhost:51113/devtoo..., se:cdpVersion: 136.0.7103.114, setWindowRect: true, strictFileInteractability: false, timeouts: {implicit: 0, pageLoad: 300000, script: 30000}, unhandledPromptBehavior: dismiss and notify, webauthn:extension:credBlob: true, webauthn:extension:largeBlob: true, webauthn:extension:minPinLength: true, webauthn:extension:prf: true, webauthn:virtualAuthenticators: true}
Element: [[ChromeDriver: chrome on windows (5ff040d7c07451a2a40dfd1461e9d745)] -> xpath: //mat-select[@formcontrolname='manualTime']]
Session ID: 5ff040d7c07451a2a40dfd1461e9d745
at java.base/jdk.internal.reflect.NativeConstructorAccessorImpl.newInstance0(Native Method)
at java.base/jdk.internal.reflect.NativeConstructorAccessorImpl.newInstance(NativeConstructorAccessorImpl.java:77)
at java.base/jdk.internal.reflect.DelegatingConstructorAccessorImpl.newInstance(DelegatingConstructorAccessorImpl.java:45)
at java.base/java.lang.reflect.Constructor.newInstanceWithCaller(Constructor.java:499)
at java.base/java.lang.reflect.Constructor.newInstance(Constructor.java:480)
at org.openqa.selenium.remote.ErrorCodec.decode(ErrorCodec.java:167)
at org.openqa.selenium.remote.codec.w3c.W3CHttpResponseCodec.decode(W3CHttpResponseCodec.java:138)
at org.openqa.selenium.remote.codec.w3c.W3CHttpResponseCodec.decode(W3CHttpResponseCodec.java:50)
at org.openqa.selenium.remote.HttpCommandExecutor.execute(HttpCommandExecutor.java:190)
at org.openqa.selenium.remote.service.DriverCommandExecutor.invokeExecute(DriverCommandExecutor.java:216)
at org.openqa.selenium.remote.service.DriverCommandExecutor.execute(DriverCommandExecutor.java:174)
at org.openqa.selenium.remote.RemoteWebDriver.execute(RemoteWebDriver.java:518)
at org.openqa.selenium.remote.RemoteWebElement.execute(RemoteWebElement.java:223)
at org.openqa.selenium.remote.RemoteWebElement.click(RemoteWebElement.java:76)
at Whatsapp1.copy.newcampaign.schedule(newcampaign.java:366)
at Whatsapp1.copy.Useexistingclienttags.Useexistingclienttags4(Useexistingclienttags.java:132)
at java.base/jdk.internal.reflect.NativeMethodAccessorImpl.invoke0(Native Method)
at java.base/jdk.internal.reflect.NativeMethodAccessorImpl.invoke(NativeMethodAccessorImpl.java:77)
at java.base/jdk.internal.reflect.DelegatingMethodAccessorImpl.invoke(DelegatingMethodAccessorImpl.java:43)
at java.base/java.lang.reflect.Method.invoke(Method.java:568)
at org.testng.internal.MethodInvocationHelper.invokeMethod(MethodInvocationHelper.java:133)
at org.testng.internal.TestInvoker.invokeMethod(TestInvoker.java:598)
at org.testng.internal.TestInvoker.invokeTestMethod(TestInvoker.java:173)
at org.testng.internal.MethodRunner.runInSequence(MethodRunner.java:46)
at org.testng.internal.TestInvoker$MethodInvocationAgent.invoke(TestInvoker.java:824)
at org.testng.internal.TestInvoker.invokeTestMethods(TestInvoker.java:146)
at org.testng.internal.TestMethodWorker.invokeTestMethods(TestMethodWorker.java:146)
at org.testng.internal.TestMethodWorker.run(TestMethodWorker.java:128)
at java.base/java.util.ArrayList.forEach(ArrayList.java:1511)
at org.testng.TestRunner.privateRun(TestRunner.java:794)
at org.testng.TestRunner.run(TestRunner.java:596)
at org.testng.SuiteRunner.runTest(SuiteRunner.java:377)
at org.testng.SuiteRunner.runSequentially(SuiteRunner.java:371)
at org.testng.SuiteRunner.privateRun(SuiteRunner.java:332)
at org.testng.SuiteRunner.run(SuiteRunner.java:276)
at org.testng.SuiteRunnerWorker.runSuite(SuiteRunnerWorker.java:53)
at org.testng.SuiteRunnerWorker.run(SuiteRunnerWorker.java:96)
at org.testng.TestNG.runSuitesSequentially(TestNG.java:1212)
at org.testng.TestNG.runSuitesLocally(TestNG.java:1134)
at org.testng.TestNG.runSuites(TestNG.java:1063)
at org.testng.TestNG.run(TestNG.java:1031)
at org.testng.remote.AbstractRemoteTestNG.run(AbstractRemoteTestNG.java:115)
at org.testng.remote.RemoteTestNG.initAndRun(RemoteTestNG.java:293)
at org.testng.remote.RemoteTestNG.main(RemoteTestNG.java:91)
]]>
    </error>
  </testcase> <!-- Useexistingclienttags4 -->
  <system-out/>
</testsuite> <!-- Whatsapp1.copy.Useexistingclienttags -->
