<?xml version="1.0" encoding="UTF-8"?>
<!-- Generated by org.testng.reporters.JUnitReportReporter -->
<testsuite hostname="DESKTOP-ILLARFO" failures="0" tests="3" name="Swiftchat.Create_Campagin" time="33.145" errors="0" timestamp="2025-03-11T15:45:16 IST" skipped="0">
  <testcase classname="Swiftchat.Create_Campagin" name="campagin" time="12.418"/>
  <system-out/>
  <testcase classname="Swiftchat.Create_Campagin" name="campaign1" time="13.636"/>
  <system-out/>
  <testcase classname="Swiftchat.Create_Campagin" name="campaign2" time="7.091"/>
  <system-out/>
</testsuite> <!-- Swiftchat.Create_Campagin -->
