<?xml version="1.0" encoding="UTF-8"?>
<!-- Generated by org.testng.reporters.JUnitReportReporter -->
<testsuite hostname="DESKTOP-ILLARFO" failures="0" tests="3" name="Whatsapp.body" time="79.329" errors="0" timestamp="2025-04-15T11:34:22 IST" skipped="0">
  <testcase classname="Whatsapp.body" name="waddvariable" time="21.215"/>
  <system-out>
    <![CDATA[Test Passed]]>
  </system-out>
  <testcase classname="Whatsapp.body" name="wselectdatapoint" time="20.197"/>
  <system-out>
    <![CDATA[Test Passed]]>
  </system-out>
  <testcase classname="Whatsapp.body" name="wselectdatapointandfallbackvalue" time="37.917"/>
  <system-out>
    <![CDATA[Test Passed]]>
  </system-out>
</testsuite> <!-- Whatsapp.body -->
