<?xml version="1.0" encoding="UTF-8"?>
<!-- Generated by org.testng.reporters.JUnitReportReporter -->
<testsuite hostname="DESKTOP-ILLARFO" failures="0" tests="1" name="Whatsapp1.copy.Useexistingclienttags" time="74.838" errors="0" timestamp="2025-06-03T16:42:01 IST" skipped="0">
  <testcase classname="Whatsapp1.copy.Useexistingclienttags" name="Useexistingclienttags4" time="74.838"/>
  <system-out>
    <![CDATA[Test Passed]]>
  </system-out>
</testsuite> <!-- Whatsapp1.copy.Useexistingclienttags -->
