<?xml version="1.0" encoding="UTF-8"?>
<!-- Generated by org.testng.reporters.JUnitReportReporter -->
<testsuite hostname="DESKTOP-ILLARFO" failures="0" tests="1" name="Staging3.WhatsApp" time="22.215" errors="0" timestamp="2025-02-24T19:34:12 IST" skipped="0">
  <testcase classname="Staging3.WhatsApp" name="whatsapp" time="22.215"/>
  <system-out/>
</testsuite> <!-- Staging3.WhatsApp -->
