<?xml version="1.0" encoding="UTF-8"?>
<!-- Generated by org.testng.reporters.JUnitReportReporter -->
<testsuite hostname="DESKTOP-ILLARFO" failures="0" tests="2" name="Whatsapp1.copy.Useexistingclienttags" time="255.007" errors="0" timestamp="2025-03-26T13:54:05 IST" skipped="0">
  <testcase classname="Whatsapp1.copy.Useexistingclienttags" name="Useexistingclienttags1" time="72.463"/>
  <system-out>
    <![CDATA[Test Case Failed
Test Case Failed]]>
  </system-out>
  <testcase classname="Whatsapp1.copy.Useexistingclienttags" name="Useexistingclienttags3" time="182.544"/>
  <system-out>
    <![CDATA[Test Case Failed
Test Case Failed]]>
  </system-out>
</testsuite> <!-- Whatsapp1.copy.Useexistingclienttags -->
