<?xml version="1.0" encoding="UTF-8"?>
<!-- Generated by org.testng.reporters.JUnitReportReporter -->
<testsuite hostname="DESKTOP-ILLARFO" failures="0" tests="1" name="Staging3.Report" time="49.460" errors="0" timestamp="2025-02-17T17:02:18 IST" skipped="0">
  <testcase classname="Staging3.Report" name="Report" time="49.460"/>
  <system-out/>
</testsuite> <!-- Staging3.Report -->
