<?xml version="1.0" encoding="UTF-8"?>
<!-- Generated by org.testng.reporters.JUnitReportReporter -->
<testsuite hostname="DESKTOP-ILLARFO" failures="0" tests="4" name="Whatsapp.header" time="142.517" errors="0" timestamp="2025-04-15T11:04:54 IST" skipped="0">
  <testcase classname="Whatsapp.header" name="wheaderisselectedasnone" time="44.808"/>
  <system-out>
    <![CDATA[Test Passed]]>
  </system-out>
  <testcase classname="Whatsapp.header" name="wtextWithoutenteringanytext" time="19.517"/>
  <system-out>
    <![CDATA[Test Passed]]>
  </system-out>
  <testcase classname="Whatsapp.header" name="wtestWithFallbackValue" time="35.798"/>
  <system-out>
    <![CDATA[Test Passed]]>
  </system-out>
  <testcase classname="Whatsapp.header" name="wHeaderTextandAddVariablewithselectdapointandfallbackvalue" time="42.394"/>
  <system-out>
    <![CDATA[Test Passed]]>
  </system-out>
</testsuite> <!-- Whatsapp.header -->
