<?xml version="1.0" encoding="UTF-8"?>
<!-- Generated by org.testng.reporters.JUnitReportReporter -->
<testsuite hostname="DESKTOP-ILLARFO" failures="0" tests="1" name="Staging3.People" time="6.227" errors="0" timestamp="2025-02-17T10:59:06 IST" skipped="0">
  <testcase classname="Staging3.People" name="client" time="6.227"/>
  <system-out/>
</testsuite> <!-- Staging3.People -->
