<?xml version="1.0" encoding="UTF-8"?>
<!-- Generated by org.testng.reporters.JUnitReportReporter -->
<testsuite hostname="DESKTOP-ILLARFO" failures="0" tests="11" name="createonfly.Buttons" time="327.391" errors="0" timestamp="2025-05-22T17:42:57 IST" skipped="0">
  <testcase classname="createonfly.Buttons" name="addwebsiteurl" time="28.059"/>
  <system-out>
    <![CDATA[Test Passed]]>
  </system-out>
  <testcase classname="createonfly.Buttons" name="addwebsiteurlbuttontext" time="22.760"/>
  <system-out>
    <![CDATA[Test Passed]]>
  </system-out>
  <testcase classname="createonfly.Buttons" name="addwebsiteurlbuttontextcontent" time="48.047"/>
  <system-out>
    <![CDATA[Test Failed]]>
  </system-out>
  <testcase classname="createonfly.Buttons" name="phonenumber" time="23.000"/>
  <system-out>
    <![CDATA[Test Passed]]>
  </system-out>
  <testcase classname="createonfly.Buttons" name="phonenumberbuttontext" time="22.235"/>
  <system-out>
    <![CDATA[Test Passed]]>
  </system-out>
  <testcase classname="createonfly.Buttons" name="phonenumberbuttontextcontent" time="41.727"/>
  <system-out>
    <![CDATA[Test Failed]]>
  </system-out>
  <testcase classname="createonfly.Buttons" name="quickurl" time="22.821"/>
  <system-out>
    <![CDATA[Test Passed]]>
  </system-out>
  <testcase classname="createonfly.Buttons" name="quickurlbuttontextcontent" time="42.493"/>
  <system-out>
    <![CDATA[Test Failed]]>
  </system-out>
  <testcase classname="createonfly.Buttons" name="testbuttonsclickwu" time="22.276"/>
  <system-out/>
  <testcase classname="createonfly.Buttons" name="testbuttonsclickpn" time="20.278"/>
  <system-out/>
  <testcase classname="createonfly.Buttons" name="testbuttonsclickqr" time="33.695"/>
  <system-out/>
</testsuite> <!-- createonfly.Buttons -->
