<?xml version="1.0" encoding="UTF-8"?>
<!-- Generated by org.testng.reporters.JUnitReportReporter -->
<testsuite hostname="DESKTOP-ILLARFO" failures="0" tests="1" name="Whatsapp.newcampaign" time="14.948" errors="0" timestamp="2025-03-20T13:00:18 IST" skipped="0">
  <testcase classname="Whatsapp.newcampaign" name="Useexistingclienttags" time="14.948"/>
  <system-out/>
</testsuite> <!-- Whatsapp.newcampaign -->
