<?xml version="1.0" encoding="UTF-8"?>
<!-- Generated by org.testng.reporters.JUnitReportReporter -->
<testsuite hostname="DESKTOP-ILLARFO" failures="0" tests="6" name="createonfly.header" time="199.416" errors="0" timestamp="2025-03-24T12:02:08 IST" skipped="0">
  <testcase classname="createonfly.header" name="headerisselectedasnone" time="36.173"/>
  <system-out>
    <![CDATA[Test Passed]]>
  </system-out>
  <testcase classname="createonfly.header" name="textWithoutenteringanytext" time="16.208"/>
  <system-out>
    <![CDATA[Test Passed]]>
  </system-out>
  <testcase classname="createonfly.header" name="testWithFallbackValue" time="33.638"/>
  <system-out>
    <![CDATA[Test Passed]]>
  </system-out>
  <testcase classname="createonfly.header" name="HeaderTextandAddVariable" time="35.730"/>
  <system-out>
    <![CDATA[Test Failed]]>
  </system-out>
  <testcase classname="createonfly.header" name="HeaderTextandAddVariablewithselectdapoint" time="38.870"/>
  <system-out>
    <![CDATA[Test Failed]]>
  </system-out>
  <testcase classname="createonfly.header" name="HeaderTextandAddVariablewithselectdapointandfallbackvalue" time="38.797"/>
  <system-out>
    <![CDATA[Test Passed]]>
  </system-out>
</testsuite> <!-- createonfly.header -->
